<?xml version="1.0" encoding="utf-8"?><testsuites name="pytest tests"><testsuite name="pytest" errors="0" failures="0" skipped="0" tests="720" time="25.256" timestamp="2026-07-09T08:55:00.935948+08:00" hostname="happylei"><testcase classname="tests.client.test_ai_desensitize.TestDesensitizeText" name="test_phone_masked" time="0.003" /><testcase classname="tests.client.test_ai_desensitize.TestDesensitizeText" name="test_id_card_masked" time="0.000" /><testcase classname="tests.client.test_ai_desensitize.TestDesensitizeText" name="test_id_card_adjacent_chinese" time="0.000" /><testcase classname="tests.client.test_ai_desensitize.TestDesensitizeText" name="test_id_card_15_digit_adjacent_chinese" time="0.000" /><testcase classname="tests.client.test_ai_desensitize.TestDesensitizeText" name="test_bank_card_masked" time="0.000" /><testcase classname="tests.client.test_ai_desensitize.TestDesensitizeText" name="test_empty_passthrough" time="0.000" /><testcase classname="tests.client.test_ai_desensitize.TestDesensitizeText" name="test_plain_text_unchanged" time="0.000" /><testcase classname="tests.client.test_ai_desensitize.TestDesensitizeObj" name="test_sensitive_keys_hidden" time="0.000" /><testcase classname="tests.client.test_ai_desensitize.TestDesensitizeObj" name="test_nested_structures" time="0.000" /><testcase classname="tests.client.test_ai_desensitize.TestDesensitizeObj" name="test_non_str_passthrough" time="0.000" /><testcase classname="tests.client.test_ai_employee.TestAiEmployeeList" name="test_list_visible_returns_enabled_only" time="0.200" /><testcase classname="tests.client.test_ai_employee.TestAiEmployeeList" name="test_get_by_code" time="0.015" /><testcase classname="tests.client.test_ai_employee.TestAiEmployeeList" name="test_list_enabled_tool_codes" time="0.014" /><testcase classname="tests.client.test_approval_flow.TestEvalCondition" name="test_empty_condition_is_true" time="0.001" /><testcase classname="tests.client.test_approval_flow.TestEvalCondition" name="test_and_logic_all_true" time="0.001" /><testcase classname="tests.client.test_approval_flow.TestEvalCondition" name="test_or_logic_any_true" time="0.001" /><testcase classname="tests.client.test_approval_flow.TestEvalCondition" name="test_default_logic_is_and" time="0.001" /><testcase classname="tests.client.test_approval_flow.TestEvalCondition" name="test_operators[==-1-1-True]" time="0.001" /><testcase classname="tests.client.test_approval_flow.TestEvalCondition" name="test_operators[==-1-2-False]" time="0.001" /><testcase classname="tests.client.test_approval_flow.TestEvalCondition" name="test_operators[!=-1-2-True]" time="0.001" /><testcase classname="tests.client.test_approval_flow.TestEvalCondition" name="test_operators[!=-2-2-False]" time="0.001" /><testcase classname="tests.client.test_approval_flow.TestEvalCondition" name="test_operators[in-3-right4-True]" time="0.001" /><testcase classname="tests.client.test_approval_flow.TestEvalCondition" name="test_operators[in-4-right5-False]" time="0.001" /><testcase classname="tests.client.test_approval_flow.TestEvalCondition" name="test_operators[not_in-4-right6-True]" time="0.001" /><testcase classname="tests.client.test_approval_flow.TestEvalCondition" name="test_operators[not_in-3-right7-False]" time="0.001" /><testcase classname="tests.client.test_approval_flow.TestEvalCondition" name="test_operators[&gt;-5-3-True]" time="0.001" /><testcase classname="tests.client.test_approval_flow.TestEvalCondition" name="test_operators[&gt;-3-5-False]" time="0.001" /><testcase classname="tests.client.test_approval_flow.TestEvalCondition" name="test_operators[&gt;=-5-5-True]" time="0.001" /><testcase classname="tests.client.test_approval_flow.TestEvalCondition" name="test_operators[&gt;=-4-5-False]" time="0.001" /><testcase classname="tests.client.test_approval_flow.TestEvalCondition" name="test_operators[&lt;-3-5-True]" time="0.001" /><testcase classname="tests.client.test_approval_flow.TestEvalCondition" name="test_operators[&lt;-5-3-False]" time="0.001" /><testcase classname="tests.client.test_approval_flow.TestEvalCondition" name="test_operators[&lt;=-5-5-True]" time="0.001" /><testcase classname="tests.client.test_approval_flow.TestEvalCondition" name="test_operators[&lt;=-6-5-False]" time="0.001" /><testcase classname="tests.client.test_approval_flow.TestEvalCondition" name="test_numeric_coercion" time="0.001" /><testcase classname="tests.client.test_approval_flow.TestEvalCondition" name="test_in_with_none_value" time="0.001" /><testcase classname="tests.client.test_approval_flow.TestEvalCondition" name="test_unknown_operator_false" time="0.001" /><testcase classname="tests.client.test_approval_flow.TestEvalCondition" name="test_missing_variable_treated_as_none" time="0.001" /><testcase classname="tests.client.test_approval_flow.TestPickBranch" name="test_priority_order_first_match_wins" time="0.001" /><testcase classname="tests.client.test_approval_flow.TestPickBranch" name="test_default_branch_fallback" time="0.001" /><testcase classname="tests.client.test_approval_flow.TestPickBranch" name="test_no_match_no_default_returns_none" time="0.001" /><testcase classname="tests.client.test_approval_flow.TestPickBranch" name="test_condition_match_beats_default" time="0.000" /><testcase classname="tests.client.test_approval_flow.TestPickBranch" name="test_empty_branches_returns_none" time="0.001" /><testcase classname="tests.client.test_approval_flow.TestMaterializePath" name="test_empty_config" time="0.001" /><testcase classname="tests.client.test_approval_flow.TestMaterializePath" name="test_linear_two_approvals" time="0.001" /><testcase classname="tests.client.test_approval_flow.TestMaterializePath" name="test_start_node_not_emitted" time="0.001" /><testcase classname="tests.client.test_approval_flow.TestMaterializePath" name="test_cc_node_type_mapping" time="0.001" /><testcase classname="tests.client.test_approval_flow.TestMaterializePath" name="test_condition_branch_selected_and_rejoin" time="0.001" /><testcase classname="tests.client.test_approval_flow.TestMaterializePath" name="test_condition_no_match_skips_to_rejoin" time="0.001" /><testcase classname="tests.client.test_approval_flow.TestMaterializePath" name="test_node_defaults_applied" time="0.001" /><testcase classname="tests.client.test_approval_flow.TestValidateTree" name="test_valid_minimal_flow_passes" time="0.001" /><testcase classname="tests.client.test_approval_flow.TestValidateTree" name="test_empty_flow_error" time="0.001" /><testcase classname="tests.client.test_approval_flow.TestValidateTree" name="test_no_approval_node_error" time="0.001" /><testcase classname="tests.client.test_approval_flow.TestValidateTree" name="test_approver_user_missing_config_error" time="0.001" /><testcase classname="tests.client.test_approval_flow.TestValidateTree" name="test_deprecated_approver_type_error" time="0.001" /><testcase classname="tests.client.test_approval_flow.TestValidateTree" name="test_condition_needs_two_branches" time="0.001" /><testcase classname="tests.client.test_approval_flow.TestValidateTree" name="test_duplicate_node_key_error" time="0.001" /><testcase classname="tests.client.test_approval_flow.TestValidateTree" name="test_iter_nodes_covers_branches" time="0.001" /><testcase classname="tests.client.test_approval_flow.TestApproverResolverNoDb" name="test_resolve_specified_users_dedup" time="0.003" /><testcase classname="tests.client.test_approval_flow.TestApproverResolverNoDb" name="test_resolve_initiator" time="0.002" /><testcase classname="tests.client.test_approval_flow.TestApproverResolverNoDb" name="test_resolve_skip_initiator" time="0.002" /><testcase classname="tests.client.test_approval_flow.TestApproverResolverNoDb" name="test_resolve_initiator_pick_from_variables" time="0.002" /><testcase classname="tests.client.test_approval_flow.TestApproverResolverNoDb" name="test_resolve_unknown_type_empty" time="0.002" /><testcase classname="tests.client.test_auth.TestClientLoginReverse" name="test_unknown_phone_rejected" time="0.012" /><testcase classname="tests.client.test_auth.TestClientLoginReverse" name="test_wrong_password_rejected" time="0.014" /><testcase classname="tests.client.test_auth.TestClientLoginReverse" name="test_empty_phone_rejected" time="0.012" /><testcase classname="tests.client.test_billing_conditions.TestCompareScalar" name="test_eq[1-1-True0]" time="0.001" /><testcase classname="tests.client.test_billing_conditions.TestCompareScalar" name="test_eq[1-1-True1]" time="0.001" /><testcase classname="tests.client.test_billing_conditions.TestCompareScalar" name="test_eq[1-1-True2]" time="0.001" /><testcase classname="tests.client.test_billing_conditions.TestCompareScalar" name="test_eq[abc-abc-True]" time="0.001" /><testcase classname="tests.client.test_billing_conditions.TestCompareScalar" name="test_eq[abc-abd-False]" time="0.001" /><testcase classname="tests.client.test_billing_conditions.TestCompareScalar" name="test_eq[True-1-True]" time="0.001" /><testcase classname="tests.client.test_billing_conditions.TestCompareScalar" name="test_eq[False-0-True]" time="0.001" /><testcase classname="tests.client.test_billing_conditions.TestCompareScalar" name="test_eq[True-0-False]" time="0.001" /><testcase classname="tests.client.test_billing_conditions.TestCompareScalar" name="test_eq[None-None-True]" time="0.001" /><testcase classname="tests.client.test_billing_conditions.TestCompareScalar" name="test_eq[None-1-False]" time="0.001" /><testcase classname="tests.client.test_billing_conditions.TestCompareScalar" name="test_ne" time="0.000" /><testcase classname="tests.client.test_billing_conditions.TestCompareScalar" name="test_in_and_nin" time="0.001" /><testcase classname="tests.client.test_billing_conditions.TestCompareScalar" name="test_contains" time="0.000" /><testcase classname="tests.client.test_billing_conditions.TestCompareScalar" name="test_numeric_compare[gte-10-True]" time="0.001" /><testcase classname="tests.client.test_billing_conditions.TestCompareScalar" name="test_numeric_compare[gte-20-False]" time="0.001" /><testcase classname="tests.client.test_billing_conditions.TestCompareScalar" name="test_numeric_compare[lte-20-True]" time="0.001" /><testcase classname="tests.client.test_billing_conditions.TestCompareScalar" name="test_numeric_compare[lte-5-False]" time="0.001" /><testcase classname="tests.client.test_billing_conditions.TestCompareScalar" name="test_numeric_compare[gt-10-True]" time="0.001" /><testcase classname="tests.client.test_billing_conditions.TestCompareScalar" name="test_numeric_compare[gt-15-False]" time="0.001" /><testcase classname="tests.client.test_billing_conditions.TestCompareScalar" name="test_numeric_compare[lt-20-True]" time="0.001" /><testcase classname="tests.client.test_billing_conditions.TestCompareScalar" name="test_numeric_compare[lt-15-False]" time="0.001" /><testcase classname="tests.client.test_billing_conditions.TestCompareScalar" name="test_between" time="0.001" /><testcase classname="tests.client.test_billing_conditions.TestCompareScalar" name="test_non_numeric_falls_false" time="0.001" /><testcase classname="tests.client.test_billing_conditions.TestCompareScalar" name="test_unknown_op_returns_false" time="0.001" /><testcase classname="tests.client.test_billing_conditions.TestEvaluateTree" name="test_empty_tree_is_zero_match" time="0.001" /><testcase classname="tests.client.test_billing_conditions.TestEvaluateTree" name="test_empty_group_is_zero_match" time="0.001" /><testcase classname="tests.client.test_billing_conditions.TestEvaluateTree" name="test_and_all_hit" time="0.001" /><testcase classname="tests.client.test_billing_conditions.TestEvaluateTree" name="test_and_one_miss_eliminates" time="0.001" /><testcase classname="tests.client.test_billing_conditions.TestEvaluateTree" name="test_or_takes_best_branch" time="0.001" /><testcase classname="tests.client.test_billing_conditions.TestEvaluateTree" name="test_or_all_miss_eliminates" time="0.001" /><testcase classname="tests.client.test_billing_conditions.TestEvaluateTree" name="test_negate_miss_becomes_zero_hit" time="0.001" /><testcase classname="tests.client.test_billing_conditions.TestEvaluateTree" name="test_negate_hit_becomes_eliminated" time="0.001" /><testcase classname="tests.client.test_billing_conditions.TestEvaluateTree" name="test_unknown_type_eliminates" time="0.001" /><testcase classname="tests.client.test_billing_conditions.TestEvaluateTree" name="test_collect_leaf_types" time="0.001" /><testcase classname="tests.client.test_billing_conditions.TestScalarEqEvaluators" name="test_hit_miss_unconstrained[carrier-carrier_id-carrier]" time="0.001" /><testcase classname="tests.client.test_billing_conditions.TestScalarEqEvaluators" name="test_hit_miss_unconstrained[capacity-capacity_id-capacity]" time="0.001" /><testcase classname="tests.client.test_billing_conditions.TestScalarEqEvaluators" name="test_hit_miss_unconstrained[driver-driver_id-driver]" time="0.001" /><testcase classname="tests.client.test_billing_conditions.TestScalarEqEvaluators" name="test_hit_miss_unconstrained[enterprise-enterprise_id-enterprise]" time="0.001" /><testcase classname="tests.client.test_billing_conditions.TestScalarEqEvaluators" name="test_hit_miss_unconstrained[carrier_type-carrier_type-carrier_type]" time="0.001" /><testcase classname="tests.client.test_billing_conditions.TestVehicleModelEvaluators" name="test_brand_hit" time="0.001" /><testcase classname="tests.client.test_billing_conditions.TestVehicleModelEvaluators" name="test_series_miss_when_vehicle_absent" time="0.001" /><testcase classname="tests.client.test_billing_conditions.TestVehicleModelEvaluators" name="test_unconstrained_when_value_missing" time="0.001" /><testcase classname="tests.client.test_billing_conditions.TestRangeEvaluators" name="test_mileage_from_distance" time="0.001" /><testcase classname="tests.client.test_billing_conditions.TestRangeEvaluators" name="test_mileage_out_of_range" time="0.001" /><testcase classname="tests.client.test_billing_conditions.TestRangeEvaluators" name="test_mileage_actual_none" time="0.001" /><testcase classname="tests.client.test_billing_conditions.TestRangeEvaluators" name="test_quantity_range" time="0.001" /><testcase classname="tests.client.test_billing_conditions.TestTextContainsEvaluator" name="test_origin_name_contains" time="0.001" /><testcase classname="tests.client.test_billing_conditions.TestTextContainsEvaluator" name="test_no_text_miss" time="0.001" /><testcase classname="tests.client.test_billing_conditions.TestAttrEvaluators" name="test_vehicle_attr_hit" time="0.000" /><testcase classname="tests.client.test_billing_conditions.TestAttrEvaluators" name="test_vehicle_attr_field_missing_unconstrained" time="0.000" /><testcase classname="tests.client.test_billing_conditions.TestAttrEvaluators" name="test_driver_attr_hit" time="0.000" /><testcase classname="tests.client.test_billing_conditions.TestDispatchRouteEvaluator" name="test_from_region_id_eq" time="0.001" /><testcase classname="tests.client.test_billing_conditions.TestDispatchRouteEvaluator" name="test_no_orders_miss" time="0.001" /><testcase classname="tests.client.test_billing_conditions.TestRegistry" name="test_all_expected_keys_registered" time="0.001" /><testcase classname="tests.client.test_billing_conditions.TestRegistry" name="test_describe_shape" time="0.001" /><testcase classname="tests.client.test_billing_cost_matcher.TestRound" name="test_default_two_decimals" time="0.001" /><testcase classname="tests.client.test_billing_cost_matcher.TestRound" name="test_round_half_up_to_yuan" time="0.001" /><testcase classname="tests.client.test_billing_cost_matcher.TestRound" name="test_ceiling_to_yuan" time="0.001" /><testcase classname="tests.client.test_billing_cost_matcher.TestTieredAmount" name="test_empty_tiers_is_zero" time="0.001" /><testcase classname="tests.client.test_billing_cost_matcher.TestTieredAmount" name="test_single_open_tier" time="0.001" /><testcase classname="tests.client.test_billing_cost_matcher.TestTieredAmount" name="test_progressive_two_tiers" time="0.001" /><testcase classname="tests.client.test_billing_cost_matcher.TestTieredAmount" name="test_within_first_tier" time="0.000" /><testcase classname="tests.client.test_billing_cost_matcher.TestTieredAmount" name="test_exact_boundary" time="0.001" /><testcase classname="tests.client.test_billing_engine.TestCalcAmount" name="test_per_vehicle" time="0.001" /><testcase classname="tests.client.test_billing_engine.TestCalcAmount" name="test_per_km" time="0.001" /><testcase classname="tests.client.test_billing_engine.TestCalcAmount" name="test_whole_order_ignores_quantity" time="0.001" /><testcase classname="tests.client.test_billing_engine.TestCalcAmount" name="test_min_amount_floor" time="0.001" /><testcase classname="tests.client.test_billing_engine.TestCalcAmount" name="test_min_amount_not_triggered" time="0.001" /><testcase classname="tests.client.test_billing_engine.TestModelMatchType" name="test_series_hit" time="0.001" /><testcase classname="tests.client.test_billing_engine.TestModelMatchType" name="test_series_miss" time="0.001" /><testcase classname="tests.client.test_billing_engine.TestModelMatchType" name="test_brand_hit" time="0.001" /><testcase classname="tests.client.test_billing_engine.TestModelMatchType" name="test_general" time="0.001" /><testcase classname="tests.client.test_billing_engine.TestDirectionFor" name="test_forward" time="0.001" /><testcase classname="tests.client.test_billing_engine.TestDirectionFor" name="test_backward_only_when_bidirectional" time="0.001" /><testcase classname="tests.client.test_billing_engine.TestDirectionFor" name="test_backward_blocked_without_flag" time="0.001" /><testcase classname="tests.client.test_billing_engine.TestDirectionFor" name="test_no_match" time="0.001" /><testcase classname="tests.client.test_billing_engine.TestMatchOneCargo" name="test_hit_forward" time="0.001" /><testcase classname="tests.client.test_billing_engine.TestMatchOneCargo" name="test_invalid_quantity" time="0.001" /><testcase classname="tests.client.test_billing_engine.TestMatchOneCargo" name="test_area_not_recognized" time="0.001" /><testcase classname="tests.client.test_billing_engine.TestMatchOneCargo" name="test_rule_not_found" time="0.001" /><testcase classname="tests.client.test_billing_engine.TestMatchOneCargo" name="test_rule_conflict_same_score" time="0.001" /><testcase classname="tests.client.test_billing_engine.TestMatchOneCargo" name="test_higher_priority_wins_no_conflict" time="0.001" /><testcase classname="tests.client.test_billing_engine.TestCostConstants" name="test_fee_type_name_and_required" time="0.001" /><testcase classname="tests.client.test_billing_engine.TestCostConstants" name="test_carrier_cost_type_of[fixed-1]" time="0.001" /><testcase classname="tests.client.test_billing_engine.TestCostConstants" name="test_carrier_cost_type_of[per_vehicle-2]" time="0.001" /><testcase classname="tests.client.test_billing_engine.TestCostConstants" name="test_carrier_cost_type_of[tiered-2]" time="0.001" /><testcase classname="tests.client.test_billing_engine.TestCostConstants" name="test_carrier_cost_type_of[per_ton_km-3]" time="0.001" /><testcase classname="tests.client.test_billing_engine.TestCostConstants" name="test_carrier_cost_type_of[per_km-4]" time="0.001" /><testcase classname="tests.client.test_billing_engine.TestCostConstants" name="test_carrier_cost_type_of[percentage-4]" time="0.001" /><testcase classname="tests.client.test_billing_engine.TestCostConstants" name="test_scope_score_ordering" time="0.000" /><testcase classname="tests.client.test_billing_engine.TestCostConstants" name="test_condition_score_ordering" time="0.000" /><testcase classname="tests.client.test_billing_engine.TestCostConstants" name="test_qty_and_km_method_sets" time="0.000" /><testcase classname="tests.client.test_billing_freight_match.TestFreightContractMatch" name="test_preview_hits_created_rate" time="0.211" /><testcase classname="tests.client.test_http_auth_guard.TestAuthGuard" name="test_missing_token_rejected[/api/client/auth/user-info]" time="2.614" /><testcase classname="tests.client.test_http_auth_guard.TestAuthGuard" name="test_missing_token_rejected[/api/client/auth/menu-version]" time="0.005" /><testcase classname="tests.client.test_http_auth_guard.TestAuthGuard" name="test_missing_token_rejected[/api/client/auth/user-tenants]" time="0.005" /><testcase classname="tests.client.test_http_auth_guard.TestAuthGuard" name="test_missing_token_rejected[/api/client/system/user]" time="0.006" /><testcase classname="tests.client.test_http_auth_guard.TestAuthGuard" name="test_missing_token_rejected[/api/client/partner/customer]" time="0.007" /><testcase classname="tests.client.test_http_auth_guard.TestAuthGuard" name="test_missing_token_rejected[/api/client/resource/customer]" time="0.006" /><testcase classname="tests.client.test_http_auth_guard.TestAuthGuard" name="test_garbage_token_rejected[/api/client/auth/user-info]" time="0.005" /><testcase classname="tests.client.test_http_auth_guard.TestAuthGuard" name="test_garbage_token_rejected[/api/client/auth/menu-version]" time="0.004" /><testcase classname="tests.client.test_http_auth_guard.TestAuthGuard" name="test_garbage_token_rejected[/api/client/auth/user-tenants]" time="0.004" /><testcase classname="tests.client.test_http_auth_guard.TestAuthGuard" name="test_garbage_token_rejected[/api/client/system/user]" time="0.005" /><testcase classname="tests.client.test_http_auth_guard.TestAuthGuard" name="test_garbage_token_rejected[/api/client/partner/customer]" time="0.005" /><testcase classname="tests.client.test_http_auth_guard.TestAuthGuard" name="test_garbage_token_rejected[/api/client/resource/customer]" time="0.004" /><testcase classname="tests.client.test_http_auth_guard.TestAuthGuard" name="test_health_ok_without_auth" time="0.007" /><testcase classname="tests.client.test_http_auth_guard.TestAuthGuard" name="test_unknown_path_404" time="0.004" /><testcase classname="tests.client.test_insight_profit.TestProfitHelpers" name="test_to_float" time="0.000" /><testcase classname="tests.client.test_insight_profit.TestProfitHelpers" name="test_safe_margin" time="0.001" /><testcase classname="tests.client.test_insight_profit.TestProfitHelpers" name="test_safe_growth_rate" time="0.000" /><testcase classname="tests.client.test_insight_profit.TestProfitHelpers" name="test_coerce_dt_from_date" time="0.000" /><testcase classname="tests.client.test_insight_profit.TestProfitHelpers" name="test_coerce_dt_passthrough" time="0.000" /><testcase classname="tests.client.test_insight_profit.TestProfitHelpers" name="test_coerce_dt_type_error" time="0.001" /><testcase classname="tests.client.test_insight_profit.TestProfitHelpers" name="test_week_monday_start" time="0.001" /><testcase classname="tests.client.test_insight_profit.TestProfitAggregationSmoke" name="test_kpi_summary_shape" time="0.140" /><testcase classname="tests.client.test_insight_profit.TestProfitAggregationSmoke" name="test_trend_runs" time="0.044" /><testcase classname="tests.client.test_insight_profit.TestProfitAggregationSmoke" name="test_carrier_structure_runs" time="0.020" /><testcase classname="tests.client.test_insight_profit.TestProfitAggregationSmoke" name="test_cost_structure_runs" time="0.017" /><testcase classname="tests.client.test_insight_profit.TestProfitAggregationSmoke" name="test_customer_rank_runs" time="0.136" /><testcase classname="tests.client.test_partner_carrier.TestCarrierCrud" name="test_create_and_get" time="0.027" /><testcase classname="tests.client.test_partner_carrier.TestCarrierCrud" name="test_duplicate_phone_rejected" time="0.021" /><testcase classname="tests.client.test_partner_carrier.TestCarrierCrud" name="test_duplicate_code_rejected" time="0.048" /><testcase classname="tests.client.test_partner_carrier.TestCarrierCrud" name="test_update_carrier" time="0.026" /><testcase classname="tests.client.test_partner_carrier.TestCarrierCrud" name="test_get_nonexistent_raises" time="0.013" /><testcase classname="tests.client.test_partner_customer.TestCustomerCrud" name="test_create_auto_code_and_get" time="0.023" /><testcase classname="tests.client.test_partner_customer.TestCustomerCrud" name="test_duplicate_name_rejected" time="0.021" /><testcase classname="tests.client.test_partner_customer.TestCustomerCrud" name="test_custom_code_duplicate_rejected" time="0.023" /><testcase classname="tests.client.test_partner_customer.TestCustomerCrud" name="test_update_customer" time="0.024" /><testcase classname="tests.client.test_partner_customer.TestCustomerCrud" name="test_delete_then_get_raises" time="0.027" /><testcase classname="tests.client.test_partner_customer.TestCustomerCrud" name="test_get_nonexistent_raises" time="0.010" /><testcase classname="tests.client.test_partner_customer.TestCustomerCrud" name="test_page_returns_created" time="0.026" /><testcase classname="tests.client.test_resource_plate.TestNormalize" name="test_normalize[ \u6caaA 12345 -\u6caaA12345]" time="0.001" /><testcase classname="tests.client.test_resource_plate.TestNormalize" name="test_normalize[\u6caaA\xb712345-\u6caaA12345]" time="0.001" /><testcase classname="tests.client.test_resource_plate.TestNormalize" name="test_normalize[\u6caaA-12345-\u6caaA12345]" time="0.001" /><testcase classname="tests.client.test_resource_plate.TestNormalize" name="test_normalize[-]" time="0.001" /><testcase classname="tests.client.test_resource_plate.TestCategoryValue" name="test_valid[BLUE]" time="0.000" /><testcase classname="tests.client.test_resource_plate.TestCategoryValue" name="test_valid[YELLOW]" time="0.000" /><testcase classname="tests.client.test_resource_plate.TestCategoryValue" name="test_valid[NEW_ENERGY]" time="0.000" /><testcase classname="tests.client.test_resource_plate.TestCategoryValue" name="test_invalid[None]" time="0.000" /><testcase classname="tests.client.test_resource_plate.TestCategoryValue" name="test_invalid[]" time="0.000" /><testcase classname="tests.client.test_resource_plate.TestCategoryValue" name="test_invalid[GREEN]" time="0.000" /><testcase classname="tests.client.test_resource_plate.TestCategoryValue" name="test_invalid[blue]" time="0.001" /><testcase classname="tests.client.test_resource_plate.TestPlateForCategory" name="test_blue_7_digits_ok" time="0.001" /><testcase classname="tests.client.test_resource_plate.TestPlateForCategory" name="test_yellow_7_digits_ok" time="0.001" /><testcase classname="tests.client.test_resource_plate.TestPlateForCategory" name="test_new_energy_8_digits_ok" time="0.001" /><testcase classname="tests.client.test_resource_plate.TestPlateForCategory" name="test_blue_wrong_length" time="0.001" /><testcase classname="tests.client.test_resource_plate.TestPlateForCategory" name="test_new_energy_wrong_length" time="0.001" /><testcase classname="tests.client.test_resource_plate.TestPlateForCategory" name="test_must_start_with_chinese" time="0.001" /><testcase classname="tests.client.test_resource_plate.TestPlateForCategory" name="test_empty_plate" time="0.001" /><testcase classname="tests.client.test_resource_plate.TestPlateForCategory" name="test_letter_i_o_rejected" time="0.000" /><testcase classname="tests.client.test_resource_plate.TestTrailerPlate" name="test_yellow_trailer_ok" time="0.001" /><testcase classname="tests.client.test_resource_plate.TestTrailerPlate" name="test_trailer_without_gua_suffix" time="0.000" /><testcase classname="tests.client.test_resource_plate.TestTrailerPlate" name="test_trailer_new_energy_uses_car_rule" time="0.000" /><testcase classname="tests.client.test_resource_vehicle.TestVehicleCrud" name="test_create_and_get" time="0.034" /><testcase classname="tests.client.test_resource_vehicle.TestVehicleCrud" name="test_invalid_plate_rejected" time="0.009" /><testcase classname="tests.client.test_resource_vehicle.TestVehicleCrud" name="test_duplicate_plate_rejected" time="0.025" /><testcase classname="tests.client.test_resource_vehicle.TestVehicleCrud" name="test_update_ext_field" time="0.033" /><testcase classname="tests.client.test_resource_vehicle.TestVehicleCrud" name="test_get_nonexistent_raises" time="0.015" /><testcase classname="tests.client.test_standardize_service.TestExpandLeafNameVariants" name="test_zhou_stem_appends_city_candidate" time="0.000" /><testcase classname="tests.client.test_standardize_service.TestExpandLeafNameVariants" name="test_meng_stem_appends_city_candidate" time="0.000" /><testcase classname="tests.client.test_standardize_service.TestExpandLeafNameVariants" name="test_full_city_suffix_not_duplicated" time="0.000" /><testcase classname="tests.client.test_standardize_service.TestExpandLeafNameVariants" name="test_province_suffix_skips_completion" time="0.000" /><testcase classname="tests.client.test_standardize_service.TestExpandLeafNameVariants" name="test_empty_returns_empty" time="0.000" /><testcase classname="tests.client.test_standardize_service.TestResolveRegionHierarchicalPath" name="test_omit_city_suffix_matches_full_path" time="0.071" /><testcase classname="tests.client.test_system_organization.TestDepartmentCrud" name="test_create_update_tree_delete" time="0.043" /><testcase classname="tests.client.test_system_organization.TestDepartmentCrud" name="test_delete_parent_with_children_rejected" time="0.023" /><testcase classname="tests.client.test_system_role.TestBizRoleCrud" name="test_create_update_page_delete" time="0.033" /><testcase classname="tests.client.test_system_role.TestBizRoleCrud" name="test_duplicate_role_code_rejected" time="0.019" /><testcase classname="tests.client.test_system_role.TestBizRoleCrud" name="test_admin_role_cannot_delete" time="0.012" /><testcase classname="tests.client.test_system_user.TestBizUserCrud" name="test_create_get_update_delete" time="0.263" /><testcase classname="tests.client.test_system_user.TestBizUserCrud" name="test_duplicate_phone_rejected" time="0.250" /><testcase classname="tests.client.test_system_user.TestBizUserCrud" name="test_check_existence" time="0.257" /><testcase classname="tests.client.test_task_dispatch.TestTaskDispatch" name="test_create_task_with_waybill_items" time="0.225" /><testcase classname="tests.client.test_task_dispatch.TestTaskDispatch" name="test_list_candidate_cargoes_includes_seeded" time="0.120" /><testcase classname="tests.client.test_task_dispatch.TestTaskDispatch" name="test_duplicate_task_no_rejected" time="0.093" /><testcase classname="tests.client.test_task_waybill_state.TestTaskBusinessInvariants" name="test_signed_can_only_close" time="0.001" /><testcase classname="tests.client.test_task_waybill_state.TestTaskBusinessInvariants" name="test_aggregated_states_no_manual_forward" time="0.001" /><testcase classname="tests.client.test_task_waybill_state.TestTaskBusinessInvariants" name="test_terminal_no_next" time="0.000" /><testcase classname="tests.client.test_task_waybill_state.TestTaskBusinessInvariants" name="test_revert_is_single_step" time="0.001" /><testcase classname="tests.client.test_task_waybill_state.TestTaskBusinessInvariants" name="test_illegal_forward_raises" time="0.001" /><testcase classname="tests.client.test_task_waybill_state.TestItemDerivation" name="test_derive_from_task[-1-0]" time="0.001" /><testcase classname="tests.client.test_task_waybill_state.TestItemDerivation" name="test_derive_from_task[0-0]" time="0.001" /><testcase classname="tests.client.test_task_waybill_state.TestItemDerivation" name="test_derive_from_task[1-0]" time="0.001" /><testcase classname="tests.client.test_task_waybill_state.TestItemDerivation" name="test_derive_from_task[2-1]" time="0.001" /><testcase classname="tests.client.test_task_waybill_state.TestItemDerivation" name="test_derive_from_task[3-1]" time="0.001" /><testcase classname="tests.client.test_task_waybill_state.TestItemDerivation" name="test_derive_from_task[4-2]" time="0.001" /><testcase classname="tests.client.test_task_waybill_state.TestItemDerivation" name="test_derive_from_task[5-3]" time="0.001" /><testcase classname="tests.client.test_task_waybill_state.TestItemDerivation" name="test_derive_from_task[7-3]" time="0.001" /><testcase classname="tests.client.test_task_waybill_state.TestItemDerivation" name="test_derive_from_task[9-9]" time="0.001" /><testcase classname="tests.client.test_task_waybill_state.TestItemDerivation" name="test_unknown_task_status_none" time="0.000" /><testcase classname="tests.client.test_task_waybill_state.TestItemDerivation" name="test_unfinished_threshold_semantics" time="0.000" /><testcase classname="tests.client.test_task_waybill_state.TestWaybillGuards" name="test_delete_blocked_by_active_items" time="0.001" /><testcase classname="tests.client.test_task_waybill_state.TestWaybillGuards" name="test_delete_allowed_when_idle" time="0.001" /><testcase classname="tests.client.test_task_waybill_state.TestWaybillGuards" name="test_terminal_state" time="0.001" /><testcase classname="tests.client.test_task_waybill_state.TestWaybillGuards" name="test_sign_unsign_paths" time="0.001" /><testcase classname="tests.console.test_ai_console.TestAiEmployee" name="test_employee_page" time="0.324" /><testcase classname="tests.console.test_ai_console.TestAiEmployee" name="test_create_get_delete_employee" time="0.290" /><testcase classname="tests.console.test_ai_console.TestAiEmployee" name="test_create_employee_missing_field_422" time="0.257" /><testcase classname="tests.console.test_ai_console.TestAiEmployee" name="test_employee_requires_auth" time="0.013" /><testcase classname="tests.console.test_ai_console.TestAiEmployee" name="test_get_nonexistent_employee" time="0.249" /><testcase classname="tests.console.test_ai_console.TestAiProviderPromptTool" name="test_provider_page" time="0.251" /><testcase classname="tests.console.test_ai_console.TestAiProviderPromptTool" name="test_prompt_page" time="0.262" /><testcase classname="tests.console.test_ai_console.TestAiProviderPromptTool" name="test_tool_page" time="0.278" /><testcase classname="tests.console.test_ai_console.TestAiProviderPromptTool" name="test_tool_categories" time="0.266" /><testcase classname="tests.console.test_auth.TestAuthPureLogic" name="test_access_token_roundtrip" time="0.001" /><testcase classname="tests.console.test_auth.TestAuthPureLogic" name="test_decode_invalid_token_returns_none" time="0.001" /><testcase classname="tests.console.test_auth.TestAuthPureLogic" name="test_refresh_token_not_accepted_as_access" time="0.001" /><testcase classname="tests.console.test_auth.TestAuthPureLogic" name="test_workplace_config_none_ok" time="0.001" /><testcase classname="tests.console.test_auth.TestAuthPureLogic" name="test_workplace_config_valid_ok" time="0.001" /><testcase classname="tests.console.test_auth.TestAuthPureLogic" name="test_workplace_config_quick_actions_not_list" time="0.001" /><testcase classname="tests.console.test_auth.TestAuthPureLogic" name="test_workplace_config_too_many_quick_actions" time="0.001" /><testcase classname="tests.console.test_auth.TestAuthPureLogic" name="test_workplace_config_empty_item_rejected" time="0.001" /><testcase classname="tests.console.test_auth.TestConsoleLogin" name="test_login_success" time="0.252" /><testcase classname="tests.console.test_auth.TestConsoleLogin" name="test_login_wrong_password" time="0.264" /><testcase classname="tests.console.test_auth.TestConsoleLogin" name="test_login_nonexistent_phone" time="0.016" /><testcase classname="tests.console.test_auth.TestConsoleLogin" name="test_login_missing_field_422" time="0.011" /><testcase classname="tests.console.test_auth.TestAuthGuard" name="test_user_info_without_token" time="0.011" /><testcase classname="tests.console.test_auth.TestAuthGuard" name="test_user_info_with_token" time="0.264" /><testcase classname="tests.console.test_auth.TestAuthGuard" name="test_refresh_token_flow" time="0.259" /><testcase classname="tests.console.test_auth.TestAuthGuard" name="test_refresh_with_invalid_token" time="0.012" /><testcase classname="tests.console.test_auth.TestWorkplaceConfigApi" name="test_update_workplace_config_ok" time="0.256" /><testcase classname="tests.console.test_auth.TestWorkplaceConfigApi" name="test_update_workplace_config_invalid_returns_biz_error" time="0.256" /><testcase classname="tests.console.test_basicdata.TestVehicleBrand" name="test_brand_page" time="0.255" /><testcase classname="tests.console.test_basicdata.TestVehicleBrand" name="test_create_then_delete_brand" time="0.267" /><testcase classname="tests.console.test_basicdata.TestVehicleBrand" name="test_brand_requires_auth" time="0.012" /><testcase classname="tests.console.test_basicdata.TestVehicleSeries" name="test_series_page" time="0.319" /><testcase classname="tests.console.test_basicdata.TestVehicleSeries" name="test_create_series_under_brand" time="0.304" /><testcase classname="tests.console.test_basicdata.TestDealer" name="test_dealer_page" time="0.253" /><testcase classname="tests.console.test_basicdata.TestDealer" name="test_create_then_delete_dealer" time="0.322" /><testcase classname="tests.console.test_basicdata.TestRoleMenu" name="test_get_role_menus" time="0.265" /><testcase classname="tests.console.test_basicdata.TestRoleMenu" name="test_update_role_menus_for_temp_role" time="0.291" /><testcase classname="tests.console.test_system.TestRole" name="test_role_page" time="0.264" /><testcase classname="tests.console.test_system.TestRole" name="test_role_list" time="0.263" /><testcase classname="tests.console.test_system.TestRole" name="test_create_then_delete_role" time="0.283" /><testcase classname="tests.console.test_system.TestRole" name="test_create_duplicate_role_code" time="0.266" /><testcase classname="tests.console.test_system.TestRole" name="test_create_role_missing_field_422" time="0.263" /><testcase classname="tests.console.test_system.TestDict" name="test_dict_page" time="0.260" /><testcase classname="tests.console.test_system.TestDict" name="test_create_then_delete_dict" time="0.281" /><testcase classname="tests.console.test_system.TestDict" name="test_create_duplicate_dict_code" time="0.256" /><testcase classname="tests.console.test_system.TestDict" name="test_dict_requires_auth" time="0.013" /><testcase classname="tests.console.test_system.TestUser" name="test_user_page" time="0.268" /><testcase classname="tests.console.test_system.TestUser" name="test_check_existence_admin_phone" time="0.257" /><testcase classname="tests.console.test_system.TestUser" name="test_check_existence_unused_phone" time="0.252" /><testcase classname="tests.console.test_system.TestUser" name="test_create_then_delete_user" time="0.504" /><testcase classname="tests.console.test_system.TestRegion" name="test_region_nav_tree" time="0.363" /><testcase classname="tests.console.test_system.TestRegion" name="test_region_tree_root" time="0.287" /><testcase classname="tests.console.test_system.TestRegion" name="test_region_search" time="1.230" /><testcase classname="tests.console.test_system.TestRegion" name="test_region_requires_auth" time="0.012" /><testcase classname="tests.console.test_tenant_product.TestTenantRead" name="test_tenant_page" time="0.279" /><testcase classname="tests.console.test_tenant_product.TestTenantRead" name="test_tenant_stats" time="0.264" /><testcase classname="tests.console.test_tenant_product.TestTenantRead" name="test_tenant_page_requires_auth" time="0.012" /><testcase classname="tests.console.test_tenant_product.TestTenantRead" name="test_get_nonexistent_tenant" time="0.256" /><testcase classname="tests.console.test_tenant_product.TestProductVersionCrud" name="test_list_versions" time="0.259" /><testcase classname="tests.console.test_tenant_product.TestProductVersionCrud" name="test_create_then_get_product_version" time="0.257" /><testcase classname="tests.console.test_tenant_product.TestProductVersionCrud" name="test_update_product_version" time="0.267" /><testcase classname="tests.console.test_tenant_product.TestProductVersionCrud" name="test_get_nonexistent_version" time="0.247" /><testcase classname="tests.console.test_tenant_product.TestProductVersionCrud" name="test_create_missing_field_422" time="0.264" /><testcase classname="tests.console.test_tenant_product.TestProductVersionCrud" name="test_list_versions_requires_auth" time="0.013" /><testcase classname="tests.driver.test_driver_auth_service.TestDriverAuthIntegration" name="test_login_unknown_phone_rejected" time="0.018" /><testcase classname="tests.driver.test_driver_auth_service.TestDriverAuthIntegration" name="test_list_tenants_unknown_user_empty" time="0.013" /><testcase classname="tests.driver.test_driver_auth_service.TestDriverAuthIntegration" name="test_switch_tenant_unknown_user_rejected" time="0.012" /><testcase classname="tests.driver.test_driver_auth_service.TestDriverAuthIntegration" name="test_user_info_unknown_user_rejected" time="0.012" /><testcase classname="tests.driver.test_driver_auth_service.TestDriverAuthIntegration" name="test_change_password_unknown_user_rejected" time="0.012" /><testcase classname="tests.driver.test_driver_context.TestGuards" name="test_missing_tenant_code_rejected" time="0.002" /><testcase classname="tests.driver.test_driver_context.TestGuards" name="test_non_driver_user_type_rejected" time="0.002" /><testcase classname="tests.driver.test_driver_context.TestResolveDriver" name="test_resolve_by_user_id" time="0.019" /><testcase classname="tests.driver.test_driver_context.TestResolveDriver" name="test_frozen_driver_rejected" time="0.021" /><testcase classname="tests.driver.test_driver_context.TestResolveDriver" name="test_resigned_driver_rejected" time="0.020" /><testcase classname="tests.driver.test_driver_context.TestResolveDriver" name="test_no_profile_rejected" time="0.014" /><testcase classname="tests.driver.test_driver_finance_service.TestToFloat" name="test_none_is_zero" time="0.000" /><testcase classname="tests.driver.test_driver_finance_service.TestToFloat" name="test_decimal_cast" time="0.000" /><testcase classname="tests.driver.test_driver_finance_service.TestFinanceIntegration" name="test_list_docs_empty" time="0.021" /><testcase classname="tests.driver.test_driver_finance_service.TestFinanceIntegration" name="test_summary_zero" time="0.023" /><testcase classname="tests.driver.test_driver_finance_service.TestFinanceIntegration" name="test_invalid_year_month_rejected" time="0.015" /><testcase classname="tests.driver.test_driver_finance_service.TestFinanceIntegration" name="test_get_unknown_doc_rejected" time="0.020" /><testcase classname="tests.driver.test_driver_finance_service.TestFinanceIntegration" name="test_list_accounts_empty" time="0.018" /><testcase classname="tests.driver.test_driver_finance_service.TestFinanceIntegration" name="test_fund_account_lazy_zero" time="0.192" /><testcase classname="tests.driver.test_driver_receipt_service.TestToDict" name="test_parse_valid_json_urls" time="0.001" /><testcase classname="tests.driver.test_driver_receipt_service.TestToDict" name="test_broken_json_falls_back_to_empty" time="0.000" /><testcase classname="tests.driver.test_driver_receipt_service.TestToDict" name="test_null_urls_empty" time="0.001" /><testcase classname="tests.driver.test_driver_receipt_service.TestReceiptIntegration" name="test_create_and_list" time="0.025" /><testcase classname="tests.driver.test_driver_receipt_service.TestReceiptIntegration" name="test_empty_files_rejected" time="0.015" /><testcase classname="tests.driver.test_driver_receipt_service.TestReceiptIntegration" name="test_over_9_files_rejected" time="0.016" /><testcase classname="tests.driver.test_driver_receipt_service.TestReceiptIntegration" name="test_delete_own_receipt" time="0.024" /><testcase classname="tests.driver.test_driver_receipt_service.TestReceiptIntegration" name="test_delete_others_receipt_rejected" time="0.018" /><testcase classname="tests.driver.test_driver_schemas.TestReasonRequired" name="test_reject_reason_required" time="0.001" /><testcase classname="tests.driver.test_driver_schemas.TestReasonRequired" name="test_reject_reason_empty_rejected" time="0.000" /><testcase classname="tests.driver.test_driver_schemas.TestReasonRequired" name="test_reject_reason_ok" time="0.000" /><testcase classname="tests.driver.test_driver_schemas.TestReasonRequired" name="test_revert_sign_reason_required" time="0.000" /><testcase classname="tests.driver.test_driver_schemas.TestReasonRequired" name="test_revert_sign_reason_too_long" time="0.000" /><testcase classname="tests.driver.test_driver_schemas.TestReasonRequired" name="test_revert_sign_reason_ok" time="0.000" /><testcase classname="tests.driver.test_driver_schemas.TestLoadAndSign" name="test_confirm_load_defaults" time="0.001" /><testcase classname="tests.driver.test_driver_schemas.TestLoadAndSign" name="test_confirm_load_photo_max_9" time="0.001" /><testcase classname="tests.driver.test_driver_schemas.TestLoadAndSign" name="test_confirm_load_remark_max_255" time="0.001" /><testcase classname="tests.driver.test_driver_schemas.TestLoadAndSign" name="test_sign_item_optional" time="0.001" /><testcase classname="tests.driver.test_driver_schemas.TestReceiptUpload" name="test_empty_files_rejected" time="0.001" /><testcase classname="tests.driver.test_driver_schemas.TestReceiptUpload" name="test_over_9_files_rejected" time="0.000" /><testcase classname="tests.driver.test_driver_schemas.TestReceiptUpload" name="test_task_id_must_be_positive" time="0.000" /><testcase classname="tests.driver.test_driver_schemas.TestReceiptUpload" name="test_valid_payload" time="0.000" /><testcase classname="tests.driver.test_driver_schemas.TestProfileUpdate" name="test_all_optional" time="0.001" /><testcase classname="tests.driver.test_driver_schemas.TestProfileUpdate" name="test_emergency_contact_max_50" time="0.000" /><testcase classname="tests.driver.test_driver_schemas.TestProfileUpdate" name="test_home_address_max_255" time="0.000" /><testcase classname="tests.driver.test_driver_schemas.TestProfileUpdate" name="test_no_name_or_phone_field" time="0.001" /><testcase classname="tests.driver.test_driver_task_service.TestPureLogic" name="test_to_list_item_mapping" time="0.001" /><testcase classname="tests.driver.test_driver_task_service.TestPureLogic" name="test_to_list_item_none_numeric_defaults" time="0.001" /><testcase classname="tests.driver.test_driver_task_service.TestPureLogic" name="test_accepted_task_ids_empty_short_circuit" time="0.002" /><testcase classname="tests.driver.test_driver_task_service.TestPureLogic" name="test_visibility_condition_builds_with_social_only" time="0.001" /><testcase classname="tests.driver.test_driver_task_service.TestPureLogic" name="test_visibility_condition_includes_capacity" time="0.001" /><testcase classname="tests.driver.test_driver_task_service.TestTaskIntegration" name="test_list_my_tasks_empty" time="0.022" /><testcase classname="tests.driver.test_driver_task_service.TestTaskIntegration" name="test_visible_task_unknown_rejected" time="0.020" /><testcase classname="tests.driver.test_driver_task_service.TestTaskIntegration" name="test_accept_unknown_task_rejected" time="0.019" /><testcase classname="tests.driver.test_driver_task_service.TestTaskIntegration" name="test_visible_item_unknown_rejected" time="0.016" /><testcase classname="tests.driver.test_driver_task_service.TestTaskIntegration" name="test_full_workflow_accept_to_sign" time="0.166" /><testcase classname="tests.driver.test_driver_task_service.TestTaskIntegration" name="test_confirm_load_without_accept_rejected" time="0.039" /><testcase classname="tests.driver.test_driver_task_service.TestTaskIntegration" name="test_revert_sign_without_permission_rejected" time="0.166" /><testcase classname="tests.open.test_carrier_invite.TestMaskPhone" name="test_mask_standard" time="0.001" /><testcase classname="tests.open.test_carrier_invite.TestMaskPhone" name="test_mask_short_untouched" time="0.001" /><testcase classname="tests.open.test_carrier_invite.TestMaskPhone" name="test_mask_empty" time="0.001" /><testcase classname="tests.open.test_carrier_invite.TestInviteCodeToken" name="test_invite_code_length_and_charset" time="0.001" /><testcase classname="tests.open.test_carrier_invite.TestInviteCodeToken" name="test_invite_token_hashed" time="0.001" /><testcase classname="tests.open.test_carrier_invite.TestInviteCodeToken" name="test_build_invite_url" time="0.001" /><testcase classname="tests.open.test_carrier_invite.TestActivateSchema" name="test_valid" time="0.001" /><testcase classname="tests.open.test_carrier_invite.TestActivateSchema" name="test_bad_sms_code[12345]" time="0.001" /><testcase classname="tests.open.test_carrier_invite.TestActivateSchema" name="test_bad_sms_code[abcdef]" time="0.001" /><testcase classname="tests.open.test_carrier_invite.TestActivateSchema" name="test_bad_sms_code[1234567]" time="0.001" /><testcase classname="tests.open.test_carrier_invite.TestActivateSchema" name="test_bad_phone" time="0.001" /><testcase classname="tests.open.test_carrier_invite.TestCarrierInviteHttp" name="test_get_info_nonexistent" time="0.025" /><testcase classname="tests.open.test_carrier_invite.TestCarrierInviteHttp" name="test_activate_nonexistent_invite" time="0.019" /><testcase classname="tests.open.test_carrier_invite.TestCarrierInviteHttp" name="test_activate_bad_payload_422" time="0.011" /><testcase classname="tests.open.test_compliance_scan.TestLevelClassification" name="test_expired" time="0.001" /><testcase classname="tests.open.test_compliance_scan.TestLevelClassification" name="test_critical_boundary" time="0.001" /><testcase classname="tests.open.test_compliance_scan.TestLevelClassification" name="test_warning_above_critical" time="0.001" /><testcase classname="tests.open.test_compliance_scan.TestLevelClassification" name="test_custom_critical_threshold" time="0.000" /><testcase classname="tests.open.test_compliance_scan.TestThresholdEnv" name="test_defaults" time="0.002" /><testcase classname="tests.open.test_compliance_scan.TestThresholdEnv" name="test_override" time="0.001" /><testcase classname="tests.open.test_compliance_scan.TestCandidateKey" name="test_key_tuple" time="0.001" /><testcase classname="tests.open.test_lite_carrier_dispatch.TestDispatchSchema" name="test_valid_minimal" time="0.001" /><testcase classname="tests.open.test_lite_carrier_dispatch.TestDispatchSchema" name="test_optional_fields" time="0.001" /><testcase classname="tests.open.test_lite_carrier_dispatch.TestDispatchSchema" name="test_missing_required[mainDriverName]" time="0.001" /><testcase classname="tests.open.test_lite_carrier_dispatch.TestDispatchSchema" name="test_missing_required[mainDriverPhone]" time="0.001" /><testcase classname="tests.open.test_lite_carrier_dispatch.TestDispatchSchema" name="test_missing_required[plateNumber]" time="0.000" /><testcase classname="tests.open.test_lite_carrier_dispatch.TestDispatchSchema" name="test_phone_too_short" time="0.001" /><testcase classname="tests.open.test_lite_carrier_dispatch.TestDispatchSchema" name="test_plate_too_short" time="0.000" /><testcase classname="tests.open.test_lite_carrier_dispatch.TestLiteTenantParse" name="test_missing_token" time="0.000" /><testcase classname="tests.open.test_lite_carrier_dispatch.TestLiteTenantParse" name="test_placeholder_token_with_query_param" time="0.000" /><testcase classname="tests.open.test_lite_carrier_dispatch.TestLiteTenantParse" name="test_placeholder_token_without_tenant" time="0.000" /><testcase classname="tests.open.test_lite_carrier_dispatch.TestLiteDispatchHttp" name="test_resolves_tenant_via_query_param" time="0.024" /><testcase classname="tests.open.test_lite_carrier_dispatch.TestLiteDispatchHttp" name="test_missing_token_returns_biz_error" time="0.011" /><testcase classname="tests.open.test_lite_carrier_dispatch.TestLiteDispatchHttp" name="test_token_without_tenant_rejected" time="0.022" /><testcase classname="tests.open.test_lite_carrier_dispatch.TestLiteDispatchHttp" name="test_body_validation_still_422" time="0.014" /><testcase classname="tests.open.test_lite_carrier_dispatch.TestLiteDispatchHttp" name="test_dispatch_on_seeded_carrier_task" time="0.037" /><testcase classname="tests.open.test_product_changelog.TestProductHttp" name="test_list_versions" time="0.019" /><testcase classname="tests.open.test_product_changelog.TestProductHttp" name="test_version_features_matrix" time="0.027" /><testcase classname="tests.open.test_product_changelog.TestChangelogHttp" name="test_list_default_page" time="0.020" /><testcase classname="tests.open.test_product_changelog.TestChangelogHttp" name="test_custom_page_size" time="0.019" /><testcase classname="tests.open.test_product_changelog.TestChangelogHttp" name="test_invalid_pagination_422[params0]" time="0.013" /><testcase classname="tests.open.test_product_changelog.TestChangelogHttp" name="test_invalid_pagination_422[params1]" time="0.014" /><testcase classname="tests.open.test_product_changelog.TestChangelogHttp" name="test_invalid_pagination_422[params2]" time="0.013" /><testcase classname="tests.open.test_register.TestPhoneRegex" name="test_valid_mobile[13800000000]" time="0.001" /><testcase classname="tests.open.test_register.TestPhoneRegex" name="test_valid_mobile[19912345678]" time="0.001" /><testcase classname="tests.open.test_register.TestPhoneRegex" name="test_valid_mobile[17600001111]" time="0.001" /><testcase classname="tests.open.test_register.TestPhoneRegex" name="test_invalid_mobile[12345678901]" time="0.001" /><testcase classname="tests.open.test_register.TestPhoneRegex" name="test_invalid_mobile[1380000000]" time="0.001" /><testcase classname="tests.open.test_register.TestPhoneRegex" name="test_invalid_mobile[138000000000]" time="0.001" /><testcase classname="tests.open.test_register.TestPhoneRegex" name="test_invalid_mobile[abcdefghijk]" time="0.001" /><testcase classname="tests.open.test_register.TestPhoneRegex" name="test_invalid_mobile[23800000000]" time="0.001" /><testcase classname="tests.open.test_register.TestPhoneRegex" name="test_invalid_mobile[]" time="0.001" /><testcase classname="tests.open.test_register.TestRegisterPayloadSchema" name="test_valid_payload" time="0.001" /><testcase classname="tests.open.test_register.TestRegisterPayloadSchema" name="test_invalid_phone_rejected" time="0.001" /><testcase classname="tests.open.test_register.TestRegisterSubmitSchema" name="test_valid_submit" time="0.001" /><testcase classname="tests.open.test_register.TestRegisterSubmitSchema" name="test_invalid_sms_code[12345]" time="0.001" /><testcase classname="tests.open.test_register.TestRegisterSubmitSchema" name="test_invalid_sms_code[1234567]" time="0.001" /><testcase classname="tests.open.test_register.TestRegisterSubmitSchema" name="test_invalid_sms_code[abcdef]" time="0.001" /><testcase classname="tests.open.test_register.TestRegisterSubmitSchema" name="test_invalid_sms_code[12 456]" time="0.001" /><testcase classname="tests.open.test_register.TestRegisterSubmitSchema" name="test_invalid_sms_code[]" time="0.001" /><testcase classname="tests.open.test_register.TestRegisterSubmitSchema" name="test_missing_sms_code" time="0.001" /><testcase classname="tests.open.test_register.TestRegisterHttp" name="test_phone_available_valid" time="0.023" /><testcase classname="tests.open.test_register.TestRegisterHttp" name="test_phone_available_bad_format" time="0.013" /><testcase classname="tests.open.test_register.TestRegisterHttp" name="test_phone_available_length_422" time="0.012" /><testcase classname="tests.open.test_register.TestRegisterHttp" name="test_register_missing_sms_code_422" time="0.017" /><testcase classname="tests.open.test_register.TestRegisterHttp" name="test_register_wrong_sms_code_biz_error" time="0.027" /><testcase classname="tests.open.test_register.TestRegisterHttp" name="test_progress_invalid_task_id" time="0.014" /><testcase classname="tests.open.test_sms.TestSmsConstants" name="test_default_constants" time="0.001" /><testcase classname="tests.open.test_sms.TestSmsPurposeGuard" name="test_invalid_purpose_rejected[0]" time="0.002" /><testcase classname="tests.open.test_sms.TestSmsPurposeGuard" name="test_invalid_purpose_rejected[3]" time="0.002" /><testcase classname="tests.open.test_sms.TestSmsPurposeGuard" name="test_invalid_purpose_rejected[5]" time="0.002" /><testcase classname="tests.open.test_sms.TestSmsPurposeGuard" name="test_invalid_purpose_rejected[99]" time="0.002" /><testcase classname="tests.open.test_sms.TestSmsPurposeGuard" name="test_invalid_purpose_rejected[-1]" time="0.002" /><testcase classname="tests.open.test_sms.TestResetPasswordSchema" name="test_valid" time="0.001" /><testcase classname="tests.open.test_sms.TestResetPasswordSchema" name="test_short_password_rejected[12345]" time="0.001" /><testcase classname="tests.open.test_sms.TestResetPasswordSchema" name="test_short_password_rejected[]" time="0.001" /><testcase classname="tests.open.test_sms.TestResetPasswordSchema" name="test_short_password_rejected[a]" time="0.001" /><testcase classname="tests.open.test_sms.TestSendSchema" name="test_send_request_fields" time="0.001" /><testcase classname="tests.open.test_sms.TestSendSchema" name="test_invalid_phone_rejected[abc]" time="0.001" /><testcase classname="tests.open.test_sms.TestSendSchema" name="test_invalid_phone_rejected[12345678901]" time="0.001" /><testcase classname="tests.open.test_sms.TestSendSchema" name="test_invalid_phone_rejected[23800000000]" time="0.001" /><testcase classname="tests.open.test_sms.TestSendSchema" name="test_invalid_phone_rejected[]" time="0.001" /><testcase classname="tests.open.test_sms.TestSmsResendThrottle" name="test_consumed_record_still_throttles" time="0.018" /><testcase classname="tests.open.test_sms.TestSmsHttp" name="test_send_invalid_purpose" time="0.013" /><testcase classname="tests.open.test_sms.TestSmsHttp" name="test_send_register_code_new_phone" time="0.600" /><testcase classname="tests.open.test_sms.TestSmsHttp" name="test_send_login_unregistered_phone" time="0.018" /><testcase classname="tests.open.test_sms.TestSmsHttp" name="test_reset_password_wrong_code" time="0.018" /><testcase classname="tests.open.test_sms.TestSmsHttp" name="test_send_invalid_phone_format" time="0.012" /><testcase classname="tests.test_driver_fund_account.TestResolveDelta" name="test_prepay_register_is_negative" time="0.000" /><testcase classname="tests.test_driver_fund_account.TestResolveDelta" name="test_refund_in_is_positive" time="0.000" /><testcase classname="tests.test_driver_fund_account.TestResolveDelta" name="test_manual_in_is_positive" time="0.000" /><testcase classname="tests.test_driver_fund_account.TestResolveDelta" name="test_manual_out_is_negative" time="0.000" /><testcase classname="tests.test_driver_fund_account.TestResolveDelta" name="test_adjust_in" time="0.000" /><testcase classname="tests.test_driver_fund_account.TestResolveDelta" name="test_adjust_out" time="0.000" /><testcase classname="tests.test_driver_fund_account.TestResolveDelta" name="test_adjust_requires_direction" time="0.000" /><testcase classname="tests.test_driver_fund_account.TestResolveDelta" name="test_adjust_invalid_direction[0]" time="0.001" /><testcase classname="tests.test_driver_fund_account.TestResolveDelta" name="test_adjust_invalid_direction[3]" time="0.001" /><testcase classname="tests.test_driver_fund_account.TestFundAccountIntegration" name="test_lazy_create_zero_balance" time="0.029" /><testcase classname="tests.test_driver_fund_account.TestFundAccountIntegration" name="test_prepay_then_settle_flow" time="0.050" /><testcase classname="tests.test_driver_fund_account.TestFundAccountIntegration" name="test_adjust_requires_remark" time="0.015" /><testcase classname="tests.test_driver_fund_account.TestFundAccountIntegration" name="test_amount_must_be_positive" time="0.015" /><testcase classname="tests.test_driver_fund_account.TestFundAccountIntegration" name="test_balance_equals_sum_of_delta" time="0.070" /><testcase classname="tests.test_driver_fund_account.TestFundAccountIntegration" name="test_frozen_blocks_posting" time="0.035" /><testcase classname="tests.test_driver_fund_account.TestFundAccountIntegration" name="test_system_register_prepay_idempotent" time="0.037" /><testcase classname="tests.test_driver_fund_account.TestFundAccountIntegration" name="test_system_reverse_prepay" time="0.053" /><testcase classname="tests.test_driver_fund_account.TestSocialFundAccountIntegration" name="test_lazy_create_zero_balance" time="0.032" /><testcase classname="tests.test_driver_fund_account.TestSocialFundAccountIntegration" name="test_prepay_then_settle_flow" time="0.047" /><testcase classname="tests.test_driver_fund_account.TestSocialFundAccountIntegration" name="test_balance_equals_sum_of_delta" time="0.065" /><testcase classname="tests.test_driver_fund_account.TestSocialFundAccountIntegration" name="test_owner_isolation_driver_vs_social" time="0.037" /><testcase classname="tests.test_driver_fund_account.TestSocialFundAccountIntegration" name="test_unknown_social_rejected" time="0.017" /><testcase classname="tests.test_state_machines.TestTaskStateMachine" name="test_forward_legal[0-1]" time="0.001" /><testcase classname="tests.test_state_machines.TestTaskStateMachine" name="test_forward_legal[0-9]" time="0.001" /><testcase classname="tests.test_state_machines.TestTaskStateMachine" name="test_forward_legal[1-0]" time="0.001" /><testcase classname="tests.test_state_machines.TestTaskStateMachine" name="test_forward_legal[1-9]" time="0.001" /><testcase classname="tests.test_state_machines.TestTaskStateMachine" name="test_forward_legal[2-9]" time="0.001" /><testcase classname="tests.test_state_machines.TestTaskStateMachine" name="test_forward_legal[2-3]" time="0.001" /><testcase classname="tests.test_state_machines.TestTaskStateMachine" name="test_forward_legal[5-7]" time="0.001" /><testcase classname="tests.test_state_machines.TestTaskStateMachine" name="test_forward_illegal[-1-0]" time="0.001" /><testcase classname="tests.test_state_machines.TestTaskStateMachine" name="test_forward_illegal[-1-1]" time="0.001" /><testcase classname="tests.test_state_machines.TestTaskStateMachine" name="test_forward_illegal[-1-2]" time="0.001" /><testcase classname="tests.test_state_machines.TestTaskStateMachine" name="test_forward_illegal[-1-3]" time="0.001" /><testcase classname="tests.test_state_machines.TestTaskStateMachine" name="test_forward_illegal[-1-4]" time="0.001" /><testcase classname="tests.test_state_machines.TestTaskStateMachine" name="test_forward_illegal[-1-5]" time="0.001" /><testcase classname="tests.test_state_machines.TestTaskStateMachine" name="test_forward_illegal[-1-7]" time="0.001" /><testcase classname="tests.test_state_machines.TestTaskStateMachine" name="test_forward_illegal[-1-9]" time="0.001" /><testcase classname="tests.test_state_machines.TestTaskStateMachine" name="test_forward_illegal[0--1]" time="0.001" /><testcase classname="tests.test_state_machines.TestTaskStateMachine" name="test_forward_illegal[0-2]" time="0.001" /><testcase classname="tests.test_state_machines.TestTaskStateMachine" name="test_forward_illegal[0-3]" time="0.001" /><testcase classname="tests.test_state_machines.TestTaskStateMachine" name="test_forward_illegal[0-4]" time="0.001" /><testcase classname="tests.test_state_machines.TestTaskStateMachine" name="test_forward_illegal[0-5]" time="0.001" /><testcase classname="tests.test_state_machines.TestTaskStateMachine" name="test_forward_illegal[0-7]" time="0.001" /><testcase classname="tests.test_state_machines.TestTaskStateMachine" name="test_forward_illegal[1--1]" time="0.001" /><testcase classname="tests.test_state_machines.TestTaskStateMachine" name="test_forward_illegal[1-2]" time="0.001" /><testcase classname="tests.test_state_machines.TestTaskStateMachine" name="test_forward_illegal[1-3]" time="0.001" /><testcase classname="tests.test_state_machines.TestTaskStateMachine" name="test_forward_illegal[1-4]" time="0.001" /><testcase classname="tests.test_state_machines.TestTaskStateMachine" name="test_forward_illegal[1-5]" time="0.001" /><testcase classname="tests.test_state_machines.TestTaskStateMachine" name="test_forward_illegal[1-7]" time="0.001" /><testcase classname="tests.test_state_machines.TestTaskStateMachine" name="test_forward_illegal[2--1]" time="0.001" /><testcase classname="tests.test_state_machines.TestTaskStateMachine" name="test_forward_illegal[2-0]" time="0.001" /><testcase classname="tests.test_state_machines.TestTaskStateMachine" name="test_forward_illegal[2-1]" time="0.001" /><testcase classname="tests.test_state_machines.TestTaskStateMachine" name="test_forward_illegal[2-4]" time="0.001" /><testcase classname="tests.test_state_machines.TestTaskStateMachine" name="test_forward_illegal[2-5]" time="0.001" /><testcase classname="tests.test_state_machines.TestTaskStateMachine" name="test_forward_illegal[2-7]" time="0.001" /><testcase classname="tests.test_state_machines.TestTaskStateMachine" name="test_forward_illegal[3--1]" time="0.001" /><testcase classname="tests.test_state_machines.TestTaskStateMachine" name="test_forward_illegal[3-0]" time="0.001" /><testcase classname="tests.test_state_machines.TestTaskStateMachine" name="test_forward_illegal[3-1]" time="0.001" /><testcase classname="tests.test_state_machines.TestTaskStateMachine" name="test_forward_illegal[3-2]" time="0.001" /><testcase classname="tests.test_state_machines.TestTaskStateMachine" name="test_forward_illegal[3-4]" time="0.001" /><testcase classname="tests.test_state_machines.TestTaskStateMachine" name="test_forward_illegal[3-5]" time="0.001" /><testcase classname="tests.test_state_machines.TestTaskStateMachine" name="test_forward_illegal[3-7]" time="0.001" /><testcase classname="tests.test_state_machines.TestTaskStateMachine" name="test_forward_illegal[3-9]" time="0.001" /><testcase classname="tests.test_state_machines.TestTaskStateMachine" name="test_forward_illegal[4--1]" time="0.001" /><testcase classname="tests.test_state_machines.TestTaskStateMachine" name="test_forward_illegal[4-0]" time="0.001" /><testcase classname="tests.test_state_machines.TestTaskStateMachine" name="test_forward_illegal[4-1]" time="0.001" /><testcase classname="tests.test_state_machines.TestTaskStateMachine" name="test_forward_illegal[4-2]" time="0.001" /><testcase classname="tests.test_state_machines.TestTaskStateMachine" name="test_forward_illegal[4-3]" time="0.001" /><testcase classname="tests.test_state_machines.TestTaskStateMachine" name="test_forward_illegal[4-5]" time="0.001" /><testcase classname="tests.test_state_machines.TestTaskStateMachine" name="test_forward_illegal[4-7]" time="0.001" /><testcase classname="tests.test_state_machines.TestTaskStateMachine" name="test_forward_illegal[4-9]" time="0.001" /><testcase classname="tests.test_state_machines.TestTaskStateMachine" name="test_forward_illegal[5--1]" time="0.001" /><testcase classname="tests.test_state_machines.TestTaskStateMachine" name="test_forward_illegal[5-0]" time="0.001" /><testcase classname="tests.test_state_machines.TestTaskStateMachine" name="test_forward_illegal[5-1]" time="0.001" /><testcase classname="tests.test_state_machines.TestTaskStateMachine" name="test_forward_illegal[5-2]" time="0.001" /><testcase classname="tests.test_state_machines.TestTaskStateMachine" name="test_forward_illegal[5-3]" time="0.001" /><testcase classname="tests.test_state_machines.TestTaskStateMachine" name="test_forward_illegal[5-4]" time="0.001" /><testcase classname="tests.test_state_machines.TestTaskStateMachine" name="test_forward_illegal[5-9]" time="0.001" /><testcase classname="tests.test_state_machines.TestTaskStateMachine" name="test_forward_illegal[7--1]" time="0.001" /><testcase classname="tests.test_state_machines.TestTaskStateMachine" name="test_forward_illegal[7-0]" time="0.001" /><testcase classname="tests.test_state_machines.TestTaskStateMachine" name="test_forward_illegal[7-1]" time="0.001" /><testcase classname="tests.test_state_machines.TestTaskStateMachine" name="test_forward_illegal[7-2]" time="0.001" /><testcase classname="tests.test_state_machines.TestTaskStateMachine" name="test_forward_illegal[7-3]" time="0.001" /><testcase classname="tests.test_state_machines.TestTaskStateMachine" name="test_forward_illegal[7-4]" time="0.001" /><testcase classname="tests.test_state_machines.TestTaskStateMachine" name="test_forward_illegal[7-5]" time="0.001" /><testcase classname="tests.test_state_machines.TestTaskStateMachine" name="test_forward_illegal[7-9]" time="0.001" /><testcase classname="tests.test_state_machines.TestTaskStateMachine" name="test_forward_illegal[9--1]" time="0.001" /><testcase classname="tests.test_state_machines.TestTaskStateMachine" name="test_forward_illegal[9-0]" time="0.001" /><testcase classname="tests.test_state_machines.TestTaskStateMachine" name="test_forward_illegal[9-1]" time="0.001" /><testcase classname="tests.test_state_machines.TestTaskStateMachine" name="test_forward_illegal[9-2]" time="0.001" /><testcase classname="tests.test_state_machines.TestTaskStateMachine" name="test_forward_illegal[9-3]" time="0.001" /><testcase classname="tests.test_state_machines.TestTaskStateMachine" name="test_forward_illegal[9-4]" time="0.001" /><testcase classname="tests.test_state_machines.TestTaskStateMachine" name="test_forward_illegal[9-5]" time="0.001" /><testcase classname="tests.test_state_machines.TestTaskStateMachine" name="test_forward_illegal[9-7]" time="0.001" /><testcase classname="tests.test_state_machines.TestTaskStateMachine" name="test_revert_legal[1-0]" time="0.001" /><testcase classname="tests.test_state_machines.TestTaskStateMachine" name="test_revert_legal[2-1]" time="0.001" /><testcase classname="tests.test_state_machines.TestTaskStateMachine" name="test_revert_legal[3-2]" time="0.001" /><testcase classname="tests.test_state_machines.TestTaskStateMachine" name="test_revert_legal[4-3]" time="0.001" /><testcase classname="tests.test_state_machines.TestTaskStateMachine" name="test_revert_table_is_single_step_back" time="0.000" /><testcase classname="tests.test_state_machines.TestTaskStateMachine" name="test_revert_illegal[bad0]" time="0.000" /><testcase classname="tests.test_state_machines.TestTaskStateMachine" name="test_revert_illegal[bad1]" time="0.001" /><testcase classname="tests.test_state_machines.TestTaskStateMachine" name="test_revert_illegal[bad2]" time="0.001" /><testcase classname="tests.test_state_machines.TestTaskStateMachine" name="test_revert_illegal[bad3]" time="0.001" /><testcase classname="tests.test_state_machines.TestTaskStateMachine" name="test_revert_illegal[bad4]" time="0.001" /><testcase classname="tests.test_state_machines.TestTaskStateMachine" name="test_force_cancel_allowed[2]" time="0.001" /><testcase classname="tests.test_state_machines.TestTaskStateMachine" name="test_force_cancel_allowed[3]" time="0.001" /><testcase classname="tests.test_state_machines.TestTaskStateMachine" name="test_force_cancel_allowed[4]" time="0.001" /><testcase classname="tests.test_state_machines.TestTaskStateMachine" name="test_force_cancel_rejected[-1]" time="0.001" /><testcase classname="tests.test_state_machines.TestTaskStateMachine" name="test_force_cancel_rejected[0]" time="0.001" /><testcase classname="tests.test_state_machines.TestTaskStateMachine" name="test_force_cancel_rejected[1]" time="0.001" /><testcase classname="tests.test_state_machines.TestTaskStateMachine" name="test_force_cancel_rejected[5]" time="0.001" /><testcase classname="tests.test_state_machines.TestTaskStateMachine" name="test_force_cancel_rejected[7]" time="0.001" /><testcase classname="tests.test_state_machines.TestTaskStateMachine" name="test_force_cancel_rejected[9]" time="0.001" /><testcase classname="tests.test_state_machines.TestTaskStateMachine" name="test_cancel_allowed[-1]" time="0.001" /><testcase classname="tests.test_state_machines.TestTaskStateMachine" name="test_cancel_allowed[0]" time="0.001" /><testcase classname="tests.test_state_machines.TestTaskStateMachine" name="test_cancel_allowed[1]" time="0.001" /><testcase classname="tests.test_state_machines.TestTaskStateMachine" name="test_cancel_allowed[2]" time="0.001" /><testcase classname="tests.test_state_machines.TestTaskStateMachine" name="test_cancel_rejected[3]" time="0.001" /><testcase classname="tests.test_state_machines.TestTaskStateMachine" name="test_cancel_rejected[4]" time="0.001" /><testcase classname="tests.test_state_machines.TestTaskStateMachine" name="test_cancel_rejected[5]" time="0.001" /><testcase classname="tests.test_state_machines.TestTaskStateMachine" name="test_cancel_rejected[7]" time="0.001" /><testcase classname="tests.test_state_machines.TestTaskStateMachine" name="test_cancel_rejected[9]" time="0.001" /><testcase classname="tests.test_state_machines.TestTaskStateMachine" name="test_signed_can_only_close" time="0.001" /><testcase classname="tests.test_state_machines.TestTaskStateMachine" name="test_terminal_states_have_no_next" time="0.001" /><testcase classname="tests.test_state_machines.TestItemStateMachine" name="test_legal[0-1]" time="0.001" /><testcase classname="tests.test_state_machines.TestItemStateMachine" name="test_legal[0-9]" time="0.001" /><testcase classname="tests.test_state_machines.TestItemStateMachine" name="test_legal[1-0]" time="0.001" /><testcase classname="tests.test_state_machines.TestItemStateMachine" name="test_legal[1-9]" time="0.001" /><testcase classname="tests.test_state_machines.TestItemStateMachine" name="test_legal[1-2]" time="0.001" /><testcase classname="tests.test_state_machines.TestItemStateMachine" name="test_legal[2-1]" time="0.001" /><testcase classname="tests.test_state_machines.TestItemStateMachine" name="test_legal[2-3]" time="0.001" /><testcase classname="tests.test_state_machines.TestItemStateMachine" name="test_legal[2-9]" time="0.001" /><testcase classname="tests.test_state_machines.TestItemStateMachine" name="test_legal[3-9]" time="0.001" /><testcase classname="tests.test_state_machines.TestItemStateMachine" name="test_legal[3-2]" time="0.001" /><testcase classname="tests.test_state_machines.TestItemStateMachine" name="test_illegal[0-2]" time="0.001" /><testcase classname="tests.test_state_machines.TestItemStateMachine" name="test_illegal[0-3]" time="0.001" /><testcase classname="tests.test_state_machines.TestItemStateMachine" name="test_illegal[1-3]" time="0.001" /><testcase classname="tests.test_state_machines.TestItemStateMachine" name="test_illegal[2-0]" time="0.001" /><testcase classname="tests.test_state_machines.TestItemStateMachine" name="test_illegal[3-0]" time="0.001" /><testcase classname="tests.test_state_machines.TestItemStateMachine" name="test_illegal[3-1]" time="0.001" /><testcase classname="tests.test_state_machines.TestItemStateMachine" name="test_illegal[9-0]" time="0.001" /><testcase classname="tests.test_state_machines.TestItemStateMachine" name="test_illegal[9-1]" time="0.001" /><testcase classname="tests.test_state_machines.TestItemStateMachine" name="test_illegal[9-2]" time="0.001" /><testcase classname="tests.test_state_machines.TestItemStateMachine" name="test_illegal[9-3]" time="0.001" /><testcase classname="tests.test_state_machines.TestItemStateMachine" name="test_same_state_is_noop[0]" time="0.000" /><testcase classname="tests.test_state_machines.TestItemStateMachine" name="test_same_state_is_noop[1]" time="0.001" /><testcase classname="tests.test_state_machines.TestItemStateMachine" name="test_same_state_is_noop[2]" time="0.001" /><testcase classname="tests.test_state_machines.TestItemStateMachine" name="test_same_state_is_noop[3]" time="0.001" /><testcase classname="tests.test_state_machines.TestItemStateMachine" name="test_same_state_is_noop[9]" time="0.001" /><testcase classname="tests.test_state_machines.TestItemStateMachine" name="test_un_sign_3_to_2_is_legal" time="0.001" /><testcase classname="tests.test_state_machines.TestItemStateMachine" name="test_derive_from_task[-1-0]" time="0.001" /><testcase classname="tests.test_state_machines.TestItemStateMachine" name="test_derive_from_task[0-0]" time="0.001" /><testcase classname="tests.test_state_machines.TestItemStateMachine" name="test_derive_from_task[1-0]" time="0.001" /><testcase classname="tests.test_state_machines.TestItemStateMachine" name="test_derive_from_task[2-1]" time="0.001" /><testcase classname="tests.test_state_machines.TestItemStateMachine" name="test_derive_from_task[3-1]" time="0.001" /><testcase classname="tests.test_state_machines.TestItemStateMachine" name="test_derive_from_task[4-2]" time="0.001" /><testcase classname="tests.test_state_machines.TestItemStateMachine" name="test_derive_from_task[5-3]" time="0.001" /><testcase classname="tests.test_state_machines.TestItemStateMachine" name="test_derive_from_task[7-3]" time="0.001" /><testcase classname="tests.test_state_machines.TestItemStateMachine" name="test_derive_from_task[9-9]" time="0.001" /><testcase classname="tests.test_state_machines.TestItemStateMachine" name="test_derive_from_task_unknown" time="0.001" /><testcase classname="tests.test_state_machines.TestItemStateMachine" name="test_is_final[3]" time="0.001" /><testcase classname="tests.test_state_machines.TestItemStateMachine" name="test_is_final[9]" time="0.001" /><testcase classname="tests.test_state_machines.TestItemStateMachine" name="test_is_not_final[0]" time="0.001" /><testcase classname="tests.test_state_machines.TestItemStateMachine" name="test_is_not_final[1]" time="0.001" /><testcase classname="tests.test_state_machines.TestItemStateMachine" name="test_is_not_final[2]" time="0.001" /><testcase classname="tests.test_state_machines.TestItemStateMachine" name="test_is_unfinished[0-True]" time="0.001" /><testcase classname="tests.test_state_machines.TestItemStateMachine" name="test_is_unfinished[1-True]" time="0.001" /><testcase classname="tests.test_state_machines.TestItemStateMachine" name="test_is_unfinished[2-True]" time="0.001" /><testcase classname="tests.test_state_machines.TestItemStateMachine" name="test_is_unfinished[3-False]" time="0.001" /><testcase classname="tests.test_state_machines.TestItemStateMachine" name="test_is_unfinished[9-False]" time="0.001" /><testcase classname="tests.test_state_machines.TestWaybillStateMachine" name="test_legal[0-1]" time="0.000" /><testcase classname="tests.test_state_machines.TestWaybillStateMachine" name="test_legal[0-7]" time="0.000" /><testcase classname="tests.test_state_machines.TestWaybillStateMachine" name="test_legal[1-2]" time="0.000" /><testcase classname="tests.test_state_machines.TestWaybillStateMachine" name="test_legal[1-3]" time="0.000" /><testcase classname="tests.test_state_machines.TestWaybillStateMachine" name="test_legal[1-4]" time="0.000" /><testcase classname="tests.test_state_machines.TestWaybillStateMachine" name="test_legal[1-5]" time="0.000" /><testcase classname="tests.test_state_machines.TestWaybillStateMachine" name="test_legal[1-7]" time="0.001" /><testcase classname="tests.test_state_machines.TestWaybillStateMachine" name="test_legal[2-1]" time="0.001" /><testcase classname="tests.test_state_machines.TestWaybillStateMachine" name="test_legal[2-3]" time="0.000" /><testcase classname="tests.test_state_machines.TestWaybillStateMachine" name="test_legal[2-4]" time="0.001" /><testcase classname="tests.test_state_machines.TestWaybillStateMachine" name="test_legal[2-5]" time="0.001" /><testcase classname="tests.test_state_machines.TestWaybillStateMachine" name="test_legal[2-7]" time="0.001" /><testcase classname="tests.test_state_machines.TestWaybillStateMachine" name="test_legal[3-2]" time="0.001" /><testcase classname="tests.test_state_machines.TestWaybillStateMachine" name="test_legal[3-4]" time="0.001" /><testcase classname="tests.test_state_machines.TestWaybillStateMachine" name="test_legal[3-5]" time="0.001" /><testcase classname="tests.test_state_machines.TestWaybillStateMachine" name="test_legal[3-7]" time="0.001" /><testcase classname="tests.test_state_machines.TestWaybillStateMachine" name="test_legal[4-3]" time="0.001" /><testcase classname="tests.test_state_machines.TestWaybillStateMachine" name="test_legal[4-5]" time="0.001" /><testcase classname="tests.test_state_machines.TestWaybillStateMachine" name="test_legal[4-7]" time="0.001" /><testcase classname="tests.test_state_machines.TestWaybillStateMachine" name="test_legal[5-4]" time="0.001" /><testcase classname="tests.test_state_machines.TestWaybillStateMachine" name="test_legal[5-6]" time="0.001" /><testcase classname="tests.test_state_machines.TestWaybillStateMachine" name="test_legal[5-7]" time="0.001" /><testcase classname="tests.test_state_machines.TestWaybillStateMachine" name="test_legal[6-5]" time="0.001" /><testcase classname="tests.test_state_machines.TestWaybillStateMachine" name="test_legal[6-7]" time="0.001" /><testcase classname="tests.test_state_machines.TestWaybillStateMachine" name="test_illegal[0-2]" time="0.001" /><testcase classname="tests.test_state_machines.TestWaybillStateMachine" name="test_illegal[0-3]" time="0.001" /><testcase classname="tests.test_state_machines.TestWaybillStateMachine" name="test_illegal[0-4]" time="0.001" /><testcase classname="tests.test_state_machines.TestWaybillStateMachine" name="test_illegal[0-5]" time="0.001" /><testcase classname="tests.test_state_machines.TestWaybillStateMachine" name="test_illegal[0-6]" time="0.001" /><testcase classname="tests.test_state_machines.TestWaybillStateMachine" name="test_illegal[1-0]" time="0.001" /><testcase classname="tests.test_state_machines.TestWaybillStateMachine" name="test_illegal[1-6]" time="0.001" /><testcase classname="tests.test_state_machines.TestWaybillStateMachine" name="test_illegal[2-0]" time="0.001" /><testcase classname="tests.test_state_machines.TestWaybillStateMachine" name="test_illegal[2-6]" time="0.001" /><testcase classname="tests.test_state_machines.TestWaybillStateMachine" name="test_illegal[3-0]" time="0.001" /><testcase classname="tests.test_state_machines.TestWaybillStateMachine" name="test_illegal[3-1]" time="0.001" /><testcase classname="tests.test_state_machines.TestWaybillStateMachine" name="test_illegal[3-6]" time="0.001" /><testcase classname="tests.test_state_machines.TestWaybillStateMachine" name="test_illegal[4-0]" time="0.001" /><testcase classname="tests.test_state_machines.TestWaybillStateMachine" name="test_illegal[4-1]" time="0.001" /><testcase classname="tests.test_state_machines.TestWaybillStateMachine" name="test_illegal[4-2]" time="0.001" /><testcase classname="tests.test_state_machines.TestWaybillStateMachine" name="test_illegal[4-6]" time="0.001" /><testcase classname="tests.test_state_machines.TestWaybillStateMachine" name="test_illegal[5-0]" time="0.000" /><testcase classname="tests.test_state_machines.TestWaybillStateMachine" name="test_illegal[5-1]" time="0.001" /><testcase classname="tests.test_state_machines.TestWaybillStateMachine" name="test_illegal[5-2]" time="0.000" /><testcase classname="tests.test_state_machines.TestWaybillStateMachine" name="test_illegal[5-3]" time="0.001" /><testcase classname="tests.test_state_machines.TestWaybillStateMachine" name="test_illegal[6-0]" time="0.000" /><testcase classname="tests.test_state_machines.TestWaybillStateMachine" name="test_illegal[6-1]" time="0.000" /><testcase classname="tests.test_state_machines.TestWaybillStateMachine" name="test_illegal[6-2]" time="0.000" /><testcase classname="tests.test_state_machines.TestWaybillStateMachine" name="test_illegal[6-3]" time="0.001" /><testcase classname="tests.test_state_machines.TestWaybillStateMachine" name="test_illegal[6-4]" time="0.000" /><testcase classname="tests.test_state_machines.TestWaybillStateMachine" name="test_illegal[7-0]" time="0.001" /><testcase classname="tests.test_state_machines.TestWaybillStateMachine" name="test_illegal[7-1]" time="0.001" /><testcase classname="tests.test_state_machines.TestWaybillStateMachine" name="test_illegal[7-2]" time="0.001" /><testcase classname="tests.test_state_machines.TestWaybillStateMachine" name="test_illegal[7-3]" time="0.001" /><testcase classname="tests.test_state_machines.TestWaybillStateMachine" name="test_illegal[7-4]" time="0.001" /><testcase classname="tests.test_state_machines.TestWaybillStateMachine" name="test_illegal[7-5]" time="0.001" /><testcase classname="tests.test_state_machines.TestWaybillStateMachine" name="test_illegal[7-6]" time="0.001" /><testcase classname="tests.test_state_machines.TestWaybillStateMachine" name="test_same_state_is_noop[0]" time="0.001" /><testcase classname="tests.test_state_machines.TestWaybillStateMachine" name="test_same_state_is_noop[1]" time="0.001" /><testcase classname="tests.test_state_machines.TestWaybillStateMachine" name="test_same_state_is_noop[2]" time="0.001" /><testcase classname="tests.test_state_machines.TestWaybillStateMachine" name="test_same_state_is_noop[3]" time="0.001" /><testcase classname="tests.test_state_machines.TestWaybillStateMachine" name="test_same_state_is_noop[4]" time="0.001" /><testcase classname="tests.test_state_machines.TestWaybillStateMachine" name="test_same_state_is_noop[5]" time="0.001" /><testcase classname="tests.test_state_machines.TestWaybillStateMachine" name="test_same_state_is_noop[6]" time="0.000" /><testcase classname="tests.test_state_machines.TestWaybillStateMachine" name="test_same_state_is_noop[7]" time="0.002" /><testcase classname="tests.test_state_machines.TestWaybillStateMachine" name="test_sign_and_un_sign_paths" time="0.000" /><testcase classname="tests.test_state_machines.TestWaybillStateMachine" name="test_cross_step_forward_allowed_for_low_states" time="0.000" /><testcase classname="tests.test_state_machines.TestWaybillStateMachine" name="test_blocks_new_item[4]" time="0.000" /><testcase classname="tests.test_state_machines.TestWaybillStateMachine" name="test_blocks_new_item[5]" time="0.000" /><testcase classname="tests.test_state_machines.TestWaybillStateMachine" name="test_blocks_new_item[6]" time="0.000" /><testcase classname="tests.test_state_machines.TestWaybillStateMachine" name="test_blocks_new_item[7]" time="0.000" /><testcase classname="tests.test_state_machines.TestWaybillStateMachine" name="test_allows_new_item[0]" time="0.000" /><testcase classname="tests.test_state_machines.TestWaybillStateMachine" name="test_allows_new_item[1]" time="0.000" /><testcase classname="tests.test_state_machines.TestWaybillStateMachine" name="test_allows_new_item[2]" time="0.000" /><testcase classname="tests.test_state_machines.TestWaybillStateMachine" name="test_allows_new_item[3]" time="0.000" /><testcase classname="tests.test_state_machines.TestWaybillStateMachine" name="test_delete_blocked_by_status[2]" time="0.000" /><testcase classname="tests.test_state_machines.TestWaybillStateMachine" name="test_delete_blocked_by_status[3]" time="0.000" /><testcase classname="tests.test_state_machines.TestWaybillStateMachine" name="test_delete_blocked_by_status[4]" time="0.000" /><testcase classname="tests.test_state_machines.TestWaybillStateMachine" name="test_delete_blocked_by_status[5]" time="0.003" /><testcase classname="tests.test_state_machines.TestWaybillStateMachine" name="test_delete_blocked_by_status[6]" time="0.001" /><testcase classname="tests.test_state_machines.TestWaybillStateMachine" name="test_delete_blocked_by_active_items" time="0.001" /><testcase classname="tests.test_state_machines.TestWaybillStateMachine" name="test_delete_allowed" time="0.001" /><testcase classname="tests.test_state_machines.TestWaybillStateMachine" name="test_is_terminal" time="0.003" /></testsuite></testsuites>